--------------------- Mon May 04 19:17:50 2020 ---------------------

Creating SIwave session log C:\Users\EFE\Documents\altium_workspace\Thrust_2\Thrust-Layout.log
OS: Windows 10 Professional  (Build 18362)

Saved C:\Users\EFE\Documents\altium_workspace\Thrust_2\Thrust-Layout.siw
Reading DC solution data...
Building DC surface plot(s)...
Building DC current density/voltage plot for layer Top_Layer...done.
Building DC current density/voltage plot for layer Bottom_Layer...done.
Building DC current density/voltage plot for vias...done.
Reading element data...done.
Building DC current magnitude plot for layer Top_Layer...done.
Building DC current magnitude plot for layer Bottom_Layer...done.
Building DC current magnitude plot for vias...done.


--------------------- Mon May 04 19:25:17 2020 ---------------------

Appending to SIwave session log C:\Users\EFE\Documents\altium_workspace\Thrust_2\Thrust-Layout.log
Saved C:\Users\EFE\Documents\altium_workspace\Thrust_2\Thrust-Layout.siw
Converting Ansoft Neutral File V4 into V2; please wait...done.
Importing Ansoft Neutral File C:\Users\EFE\AppData\Local\Temp\Thrust-Layout.anfv2...
Type   : ASCII unencrypted file generated by unknown layout system

Importing Ansoft Component File C:\Users\EFE\AppData\Local\Temp\Thrust-Layout.cmp...
Warning: resistance value for R10 is 0.000000, an illegal value for simulation purposes; defaulting to 1E-05ohms
         use the "Circuit Element Editor" to set desired resistance value
Warning: resistance value for R11 is 0.000000, an illegal value for simulation purposes; defaulting to 1E-05ohms
         use the "Circuit Element Editor" to set desired resistance value
Warning: resistance value for R1 is 0.000000, an illegal value for simulation purposes; defaulting to 1E-05ohms
         use the "Circuit Element Editor" to set desired resistance value
Warning: resistance value for R2 is 0.000000, an illegal value for simulation purposes; defaulting to 1E-05ohms
         use the "Circuit Element Editor" to set desired resistance value
Warning: resistance value for R3 is 0.000000, an illegal value for simulation purposes; defaulting to 1E-05ohms
         use the "Circuit Element Editor" to set desired resistance value
Warning: resistance value for R4 is 0.000000, an illegal value for simulation purposes; defaulting to 1E-05ohms
         use the "Circuit Element Editor" to set desired resistance value
Warning: resistance value for R5 is 0.000000, an illegal value for simulation purposes; defaulting to 1E-05ohms
         use the "Circuit Element Editor" to set desired resistance value
Warning: resistance value for R6 is 0.000000, an illegal value for simulation purposes; defaulting to 1E-05ohms
         use the "Circuit Element Editor" to set desired resistance value
Warning: resistance value for R7 is 0.000000, an illegal value for simulation purposes; defaulting to 1E-05ohms
         use the "Circuit Element Editor" to set desired resistance value
Warning: resistance value for R8 is 0.000000, an illegal value for simulation purposes; defaulting to 1E-05ohms
         use the "Circuit Element Editor" to set desired resistance value
Warning: resistance value for R9 is 0.000000, an illegal value for simulation purposes; defaulting to 1E-05ohms
         use the "Circuit Element Editor" to set desired resistance value
13 capacitors read
1 inductors read
11 resistors read

Importing Ansoft Component File C:\Users\EFE\Documents\altium_workspace\Thrust_2\Thrust-Layout.CMP...
0 capacitors read
0 inductors read
0 resistors read

