$begin 'OrigTextBlk'
	IsEncrypted=true
	CypherText='GuB/S2XmaXLr+X8+STyDVpwtc3bmFnyJzGvQiAda8S7tt+1u1IwAvpevy4B/CBdp24s5pB3oPonwS4q\
tFjfAXAdHH22rrACfJu1bE8HSjZx1iRXaBTobHmwwq6to/THAIkaRn/dVbncXV2IjaBNS613SbIY79O\
agPtaxoAbsfk4pqy9ExN/CeiqJVp7UrI2+39bl8t6J1si9o93nviLbpZfDE+OeROhf0LSlHdehav15A\
WYFz4Dh17H2Qj6+TmlFPAYXeN+oyzJOHorJUlGbnh/2HOpMXr2+vRctOdTckN3s52pGZ2X8PSPiDcBO\
eiovtQ31c+Cgv78lhFpI5t1gi8WUgpr3DDsjQMZm7rtTP0kr3eSu+Md8SglRoeXsxFJ/ukQEZCOOoc1\
cCu0Ke3Wtj7uhdPrAFyGEAmf8Vbt43d0uBFwSoxsOAxVX8FgM0kkKbIgt3nCtSCt6a3fhGd0+k7CnZA\
hC/lsJzHvdeJcE9pZjvXe4bJu/OcAXBFUgqhBGpT2XAgwho8ovmUv+Kf0lAp1uITTA3onCz8yvq348O\
rlXEqjsxYT6tk0pl4rVr6HGoK7nYpIplzAS3+rDtZwDch9/I0LF2DoUZ6U5PQlj5cb82PnztszRjQJc\
v9pg+YCFPjqP7g+DseP9+sgCiJewW7jVIrptyi5ydV5Lxnx5pjYz09Q9XMJP58kuLz1+A+bffqttwms\
jjnnyxalKaCrCJ+Ea8bZRwKHdE0RaaYHWU1wuBFwSoxsOAxVX8FgM0kkKbIgt3nCtSCt6a3fhGd0+kz\
iELwev+eXXk7cHE2J2CfATN5af7TkBXFcqkt5tZNWZtKrW48D02rY2Wu+d62YSpuAbHFJSS6MUsJF3t\
lhmThwt77rZqXU14ES+kMnKfZ4+jSqTdUZWYsZ3Cr3/tkymZPYaYf6+ujuDaVITh38QnsiHSLddq6em\
B7U21SacU2D2hGo4Sc+6lazGEUbBZCiIpYx3gzZAytJN2onTf5t5pWs6q6MCDjWO5V6deRrINrJbB0Y\
WiGC6eH8+bHuBG/FqJ4QLEjQkvFlXJ9BSXfjd2NTvVrL38oWmNWBePht9FS53YbS+wBAbf5KH+rGjW4\
svUU+tgtbrmkqTuV6bJOaA2DdIL7jeS/oufhJxZE0RfJ0CIkqJKzN21DvSf+K4qQ6ZF/ak6bCBSDOiQ\
8sGdPKfMFSFlmyCdZBxXdDHMB8vU/UQJLqc6gsQOV1rsC2f1U/dwfpKEuu40Qm5dQWz48AEsWPCx9Cv\
jXNDdgZGz/0H7Z0uXTPngPuEkU3xfwB35OXlrIx3gzZAytJN2onTf5t5pWs6q6MCDjWO5V6deRrINrJ\
bB0YWiGC6eH8+bHuBG/FqJ3PrKF2PXYlSswEdimdoDIyfu8PnxlsSvpPm4QRb6e8jCoyekifXYTawJt\
IkEAMR4xj+AxwWyjRGbWonZFrDS7K0d1Iak1vsgrn1B/Cyus4j3hYqCt0uDbEz6E0KU1Yavnwnf15V1\
4foHq7BKl9mWIsG+ITVca9J0E+9gqtmq/b2wETPN5o/x/PB1RvWpdEopwivDvv6hZBNCeMU7dMsrWs4\
iaYFXIhy1lF4IdmXWvpmw82/eTY332buDzHYXzfocj349o/vYB1VCYyUslDh5GKngiM1CNocBYH4HWU\
NiUdvlfdMQiDXLgWK5Zy0mJZZXg4REG8Fgy0vciG25ba9sBcizK0rLPV5nqGtV5uf/Xmk6W39GJf+fZ\
HA8EctSEep4qKk/LosEh+At1WMl/yqrqVePyRTrmkNLJSICFuMY6aLFcFuco7txbd4z2I8lXrlAnwnf\
15V14foHq7BKl9mWIssouYr2HQmw9ks20gz9JacYNMTPSMunWwd3DVlgv+m5AivDvv6hZBNCeMU7dMs\
rWs4iaYFXIhy1lF4IdmXWvpma1IPXpBq/GgHnnTWfOFDPjNQr2oMiSVC1Sq7xjNdt9ah7RfZ83Wmjp0\
kW4G0bNvBrW3wWIVlrT1PNzoSwjF0B/lIMlduaZD9tsKZSQGzmx/cL6dw3IlIWDTZckAwK4AP9pdOeN\
d6C/7OPi2YLRaCPrICGsggbG/OVo6HDWMJEAq4qQvuafaxT/WhapQ9E5vf'
$end 'OrigTextBlk'
