Added Component: Designator=*(SWITCH)
Add component. Clean all parameters for all variants
Added Component: Designator=C1(RES0805)
Add component. Clean all parameters for all variants
Added Component: Designator=C2(RES0805)
Add component. Clean all parameters for all variants
Added Component: Designator=C3(RES0805)
Add component. Clean all parameters for all variants
Added Component: Designator=C4(RES0805)
Add component. Clean all parameters for all variants
Added Component: Designator=C5(RES0805)
Add component. Clean all parameters for all variants
Added Component: Designator=C6(RES0805)
Add component. Clean all parameters for all variants
Added Component: Designator=C7(RES0805)
Add component. Clean all parameters for all variants
Added Component: Designator=C8(CAP_THT)
Add component. Clean all parameters for all variants
Added Component: Designator=C9(RES0805)
Add component. Clean all parameters for all variants
Added Component: Designator=C10(RES0805)
Add component. Clean all parameters for all variants
Added Component: Designator=C11(CAP_THT)
Add component. Clean all parameters for all variants
Added Component: Designator=C12(CAP_THT)
Add component. Clean all parameters for all variants
Added Component: Designator=C13(CAP_THT)
Add component. Clean all parameters for all variants
Added Component: Designator=C14(CAP_THT)
Add component. Clean all parameters for all variants
Added Component: Designator=D1(RES0805)
Add component. Clean all parameters for all variants
Added Component: Designator=D2(RES0805)
Add component. Clean all parameters for all variants
Added Component: Designator=D3(RES0805)
Add component. Clean all parameters for all variants
Added Component: Designator=D4(RES0805)
Add component. Clean all parameters for all variants
Added Component: Designator=J1(JST_XH_A_5)
Add component. Clean all parameters for all variants
Added Component: Designator=J2(JST_XH_A_4)
Add component. Clean all parameters for all variants
Added Component: Designator=J3(JST_XH_A_2)
Add component. Clean all parameters for all variants
Added Component: Designator=J4(JST_XH_A_2)
Add component. Clean all parameters for all variants
Added Component: Designator=J5(JST_XH_A_2)
Add component. Clean all parameters for all variants
Added Component: Designator=J6(XT60)
Add component. Clean all parameters for all variants
Added Component: Designator=J7(XT60)
Add component. Clean all parameters for all variants
Added Component: Designator=J8(JST_XH_A_2)
Add component. Clean all parameters for all variants
Added Component: Designator=J9(JST_XH_A_4)
Add component. Clean all parameters for all variants
Added Component: Designator=L1(IND-IHLP-1212BZ-11)
Add component. Clean all parameters for all variants
Added Component: Designator=P1(HDR1X5)
Add component. Clean all parameters for all variants
Add component (AddParameter): Name = "LatestRevisionDate"; Value = "17-Jul-2002"; VariantName = "[No Variations]"
Add component (AddParameter): Name = "LatestRevisionNote"; Value = "Re-released for DXP Platform."; VariantName = "[No Variations]"
Add component (AddParameter): Name = "Publisher"; Value = "Altium Limited"; VariantName = "[No Variations]"
Added Component: Designator=P2(HDR1X3)
Add component. Clean all parameters for all variants
Add component (AddParameter): Name = "LatestRevisionDate"; Value = "17-Jul-2002"; VariantName = "[No Variations]"
Add component (AddParameter): Name = "LatestRevisionNote"; Value = "Re-released for DXP Platform."; VariantName = "[No Variations]"
Add component (AddParameter): Name = "Publisher"; Value = "Altium Limited"; VariantName = "[No Variations]"
Added Component: Designator=P3(HDR1X5)
Add component. Clean all parameters for all variants
Add component (AddParameter): Name = "LatestRevisionDate"; Value = "17-Jul-2002"; VariantName = "[No Variations]"
Add component (AddParameter): Name = "LatestRevisionNote"; Value = "Re-released for DXP Platform."; VariantName = "[No Variations]"
Add component (AddParameter): Name = "Publisher"; Value = "Altium Limited"; VariantName = "[No Variations]"
Added Component: Designator=R1(RES0805)
Add component. Clean all parameters for all variants
Added Component: Designator=R2(RES0805)
Add component. Clean all parameters for all variants
Added Component: Designator=R3(RES0805)
Add component. Clean all parameters for all variants
Added Component: Designator=R4(RES0805)
Add component. Clean all parameters for all variants
Added Component: Designator=R5(RES0805)
Add component. Clean all parameters for all variants
Added Component: Designator=R6(RES0805)
Add component. Clean all parameters for all variants
Added Component: Designator=R7(RES0805)
Add component. Clean all parameters for all variants
Added Component: Designator=R8(RES0805)
Add component. Clean all parameters for all variants
Added Component: Designator=R9(RES0805)
Add component. Clean all parameters for all variants
Added Component: Designator=R10(RES0805)
Add component. Clean all parameters for all variants
Added Component: Designator=R11(RES0805)
Add component. Clean all parameters for all variants
Added Component: Designator=U2(ACS770)
Add component. Clean all parameters for all variants
Added Component: Designator=U3(TSOP6)
Add component. Clean all parameters for all variants
Added Component: Designator=U4(SODFL250X100-2N)
Add component. Clean all parameters for all variants
Added Component: Designator=U5(SOIC8)
Add component. Clean all parameters for all variants
Added Component: Designator=U6(MBR440)
Add component. Clean all parameters for all variants
Added Component: Designator=U7(SOT223)
Add component. Clean all parameters for all variants
Added Component: Designator=U8(TSOP20)
Add component. Clean all parameters for all variants
Added Pin To Net: NetName=3.3V Pin=C2-1
Added Pin To Net: NetName=3.3V Pin=C3-1
Added Pin To Net: NetName=3.3V Pin=C4-1
Added Pin To Net: NetName=3.3V Pin=C5-1
Added Pin To Net: NetName=3.3V Pin=J1-3
Added Pin To Net: NetName=3.3V Pin=P1-2
Added Pin To Net: NetName=3.3V Pin=P3-4
Added Pin To Net: NetName=3.3V Pin=R3-2
Added Pin To Net: NetName=3.3V Pin=R11-1
Added Pin To Net: NetName=3.3V Pin=U3-5
Added Pin To Net: NetName=3.3V Pin=U7-3
Added Pin To Net: NetName=3.3V Pin=U8-5
Added Pin To Net: NetName=3.3V Pin=U8-16
Added Net: Name=3.3V
Added Pin To Net: NetName=5V Pin=C11-1
Added Pin To Net: NetName=5V Pin=C12-1
Added Pin To Net: NetName=5V Pin=C13-1
Added Pin To Net: NetName=5V Pin=C14-1
Added Pin To Net: NetName=5V Pin=J1-5
Added Pin To Net: NetName=5V Pin=J5-1
Added Pin To Net: NetName=5V Pin=L1-2
Added Pin To Net: NetName=5V Pin=P1-1
Added Pin To Net: NetName=5V Pin=P2-1
Added Pin To Net: NetName=5V Pin=R4-2
Added Pin To Net: NetName=5V Pin=R10-1
Added Pin To Net: NetName=5V Pin=U2-1
Added Pin To Net: NetName=5V Pin=U5-6
Added Pin To Net: NetName=5V Pin=U7-1
Added Net: Name=5V
Added Pin To Net: NetName=11.1V Pin=C7-2
Added Pin To Net: NetName=11.1V Pin=C8-1
Added Pin To Net: NetName=11.1V Pin=J6-2
Added Pin To Net: NetName=11.1V Pin=J6-2
Added Pin To Net: NetName=11.1V Pin=J6-2
Added Pin To Net: NetName=11.1V Pin=J8-1
Added Pin To Net: NetName=11.1V Pin=R7-2
Added Pin To Net: NetName=11.1V Pin=R8-2
Added Pin To Net: NetName=11.1V Pin=U2-4
Added Pin To Net: NetName=11.1V Pin=U2-4
Added Pin To Net: NetName=11.1V Pin=U2-4
Added Pin To Net: NetName=11.1V Pin=U5-1
Added Net: Name=11.1V
Added Pin To Net: NetName=ADC_IN Pin=R5-2
Added Pin To Net: NetName=ADC_IN Pin=R6-1
Added Pin To Net: NetName=ADC_IN Pin=U8-7
Added Net: Name=ADC_IN
Added Pin To Net: NetName=BOOT0 Pin=R1-2
Added Pin To Net: NetName=BOOT0 Pin=U8-1
Added Net: Name=BOOT0
Added Pin To Net: NetName=BST Pin=C10-1
Added Pin To Net: NetName=BST Pin=U4-2
Added Pin To Net: NetName=BST Pin=U5-7
Added Net: Name=BST
Added Pin To Net: NetName=DATA_IN Pin=U8-3
Added Net: Name=DATA_IN
Added Pin To Net: NetName=DRV Pin=C9-2
Added Pin To Net: NetName=DRV Pin=U4-1
Added Pin To Net: NetName=DRV Pin=U5-2
Added Net: Name=DRV
Added Pin To Net: NetName=GND Pin=*-1
Added Pin To Net: NetName=GND Pin=C1-1
Added Pin To Net: NetName=GND Pin=C2-2
Added Pin To Net: NetName=GND Pin=C3-2
Added Pin To Net: NetName=GND Pin=C4-2
Added Pin To Net: NetName=GND Pin=C5-2
Added Pin To Net: NetName=GND Pin=C6-2
Added Pin To Net: NetName=GND Pin=C7-1
Added Pin To Net: NetName=GND Pin=C8-2
Added Pin To Net: NetName=GND Pin=C9-1
Added Pin To Net: NetName=GND Pin=C11-2
Added Pin To Net: NetName=GND Pin=C12-2
Added Pin To Net: NetName=GND Pin=C13-2
Added Pin To Net: NetName=GND Pin=C14-2
Added Pin To Net: NetName=GND Pin=D1-2
Added Pin To Net: NetName=GND Pin=D2-2
Added Pin To Net: NetName=GND Pin=D3-2
Added Pin To Net: NetName=GND Pin=D4-2
Added Pin To Net: NetName=GND Pin=J1-4
Added Pin To Net: NetName=GND Pin=J3-1
Added Pin To Net: NetName=GND Pin=J4-1
Added Pin To Net: NetName=GND Pin=J5-2
Added Pin To Net: NetName=GND Pin=J6-1
Added Pin To Net: NetName=GND Pin=J6-1
Added Pin To Net: NetName=GND Pin=J6-1
Added Pin To Net: NetName=GND Pin=J7-2
Added Pin To Net: NetName=GND Pin=J7-2
Added Pin To Net: NetName=GND Pin=J7-2
Added Pin To Net: NetName=GND Pin=J8-2
Added Pin To Net: NetName=GND Pin=P1-3
Added Pin To Net: NetName=GND Pin=P2-3
Added Pin To Net: NetName=GND Pin=P3-5
Added Pin To Net: NetName=GND Pin=R1-1
Added Pin To Net: NetName=GND Pin=R5-1
Added Pin To Net: NetName=GND Pin=R9-2
Added Pin To Net: NetName=GND Pin=U3-2
Added Pin To Net: NetName=GND Pin=U5-4
Added Pin To Net: NetName=GND Pin=U5-4
Added Pin To Net: NetName=GND Pin=U6-5
Added Pin To Net: NetName=GND Pin=U6-5
Added Pin To Net: NetName=GND Pin=U6-5
Added Pin To Net: NetName=GND Pin=U6-5
Added Pin To Net: NetName=GND Pin=U6-6
Added Pin To Net: NetName=GND Pin=U7-2
Added Pin To Net: NetName=GND Pin=U8-15
Added Net: Name=GND
Added Pin To Net: NetName=IP- Pin=J7-1
Added Pin To Net: NetName=IP- Pin=J7-1
Added Pin To Net: NetName=IP- Pin=J7-1
Added Pin To Net: NetName=IP- Pin=U2-5
Added Pin To Net: NetName=IP- Pin=U2-5
Added Pin To Net: NetName=IP- Pin=U2-5
Added Net: Name=IP-
Added Pin To Net: NetName=IR_LED_IN Pin=R3-1
Added Pin To Net: NetName=IR_LED_IN Pin=U3-1
Added Net: Name=IR_LED_IN
Added Pin To Net: NetName=IR_LED_OUT Pin=U3-6
Added Pin To Net: NetName=IR_LED_OUT Pin=U8-11
Added Net: Name=IR_LED_OUT
Added Pin To Net: NetName=NetC6_1 Pin=C6-1
Added Pin To Net: NetName=NetC6_1 Pin=R6-2
Added Pin To Net: NetName=NetC6_1 Pin=U2-3
Added Net: Name=NetC6_1
Added Pin To Net: NetName=NetC10_2 Pin=C10-2
Added Pin To Net: NetName=NetC10_2 Pin=L1-1
Added Pin To Net: NetName=NetC10_2 Pin=U5-8
Added Pin To Net: NetName=NetC10_2 Pin=U6-1
Added Pin To Net: NetName=NetC10_2 Pin=U6-2
Added Pin To Net: NetName=NetC10_2 Pin=U6-3
Added Net: Name=NetC10_2
Added Pin To Net: NetName=NetD1_1 Pin=D1-1
Added Pin To Net: NetName=NetD1_1 Pin=R2-1
Added Net: Name=NetD1_1
Added Pin To Net: NetName=NetD2_1 Pin=D2-1
Added Pin To Net: NetName=NetD2_1 Pin=R7-1
Added Net: Name=NetD2_1
Added Pin To Net: NetName=NetD3_1 Pin=D3-1
Added Pin To Net: NetName=NetD3_1 Pin=R10-2
Added Net: Name=NetD3_1
Added Pin To Net: NetName=NetD4_1 Pin=D4-1
Added Pin To Net: NetName=NetD4_1 Pin=R11-2
Added Net: Name=NetD4_1
Added Pin To Net: NetName=NetJ9_3 Pin=R4-1
Added Net: Name=NetJ9_3
Added Pin To Net: NetName=NetR8_1 Pin=R8-1
Added Pin To Net: NetName=NetR8_1 Pin=R9-1
Added Pin To Net: NetName=NetR8_1 Pin=U5-5
Added Net: Name=NetR8_1
Added Pin To Net: NetName=NRST Pin=*-2
Added Pin To Net: NetName=NRST Pin=C1-2
Added Pin To Net: NetName=NRST Pin=P3-1
Added Pin To Net: NetName=NRST Pin=U8-4
Added Net: Name=NRST
Added Pin To Net: NetName=PULL_DOWN0 Pin=J3-2
Added Pin To Net: NetName=PULL_DOWN0 Pin=U8-13
Added Net: Name=PULL_DOWN0
Added Pin To Net: NetName=PULL_DOWN1 Pin=J4-2
Added Pin To Net: NetName=PULL_DOWN1 Pin=U8-14
Added Net: Name=PULL_DOWN1
Added Pin To Net: NetName=RX Pin=P1-5
Added Pin To Net: NetName=RX Pin=U8-9
Added Net: Name=RX
Added Pin To Net: NetName=SCK_OUT Pin=U8-2
Added Net: Name=SCK_OUT
Added Pin To Net: NetName=SCL Pin=J1-1
Added Pin To Net: NetName=SCL Pin=U8-17
Added Net: Name=SCL
Added Pin To Net: NetName=SDA Pin=J1-2
Added Pin To Net: NetName=SDA Pin=U8-18
Added Net: Name=SDA
Added Pin To Net: NetName=SWCLK Pin=P3-2
Added Pin To Net: NetName=SWCLK Pin=U8-20
Added Net: Name=SWCLK
Added Pin To Net: NetName=SWDIO Pin=P3-3
Added Pin To Net: NetName=SWDIO Pin=U8-19
Added Net: Name=SWDIO
Added Pin To Net: NetName=TEST_LED Pin=R2-2
Added Pin To Net: NetName=TEST_LED Pin=U8-10
Added Net: Name=TEST_LED
Added Pin To Net: NetName=TIM3_CH1 Pin=P2-2
Added Pin To Net: NetName=TIM3_CH1 Pin=U8-12
Added Net: Name=TIM3_CH1
Added Pin To Net: NetName=TX Pin=P1-4
Added Pin To Net: NetName=TX Pin=U8-8
Added Net: Name=TX
Added Class: Name=Thrust-Schematic
Added Room: Name=Thrust-Schematic
