--------------------- Sun Jul 19 00:01:16 2020 ---------------------

Creating SIwave session log C:\siwave_4\Thrust_Analysis.log
OS: Windows 10 Professional  (Build 18362)

Saved C:\siwave_4\Thrust_Analysis.siw
Reading DC solution data...
Building DC surface plot(s)...
Building DC current density/voltage plot for layer top_layer...done.
Building DC current density/voltage plot for layer bottom_layer...done.
Building DC current density/voltage plot for vias...done.
Reading element data...done.
Building DC current magnitude plot for layer top_layer...done.
Building DC current magnitude plot for layer bottom_layer...done.
Building DC current magnitude plot for vias...done.


--------------------- Sun Jul 19 00:10:04 2020 ---------------------

Appending to SIwave session log C:\siwave_4\Thrust_Analysis.log
Saved C:\siwave_4\Thrust_Analysis.siw


--------------------- Sun Jul 19 00:10:05 2020 ---------------------

Appending to SIwave session log C:\siwave_4\Thrust_Analysis.log
Saved C:\siwave_4\Thrust_Analysis.siw


--------------------- Sun Jul 19 11:59:43 2020 ---------------------

Appending to SIwave session log C:\siwave_4\Thrust_Analysis.log
Saved C:\siwave_4\Thrust_Analysis.siw
Reading DC solution data...
Building DC surface plot(s)...
Building DC current density/voltage plot for layer top_layer...done.
Building DC current density/voltage plot for layer bottom_layer...done.
Building DC current density/voltage plot for vias...done.
Reading element data...done.
Building DC current magnitude plot for layer top_layer...done.
Building DC current magnitude plot for layer bottom_layer...done.
Building DC current magnitude plot for vias...done.


--------------------- Sun Jul 19 12:05:06 2020 ---------------------

Appending to SIwave session log C:\siwave_4\Thrust_Analysis.log
Saved C:\siwave_4\Thrust_Analysis.siw
